<?xml version="1.0" encoding="UTF-8"?>
<!-- Generated by org.testng.reporters.JUnitXMLReporter -->
<testsuite hostname="DESKTOP-G6T0SJ9" ignored="0" name="Adding and checking a new product." tests="17" failures="0" timestamp="2020-01-24T15:52:35 MSK" time="60.751" errors="0">
  <testcase name="checkTitleCustomerService" time="4.033" classname="com.PrestaShop.test1.Titles"/>
  <testcase name="signIn" time="3.422" classname="com.PrestaShop.test3.CreatingANewProduct"/>
  <testcase name="checkTitleDashboard" time="5.843" classname="com.PrestaShop.test1.Titles"/>
  <testcase name="productSection" time="5.151" classname="com.PrestaShop.test3.CreatingANewProduct"/>
  <testcase name="checkTitleDelivery" time="5.399" classname="com.PrestaShop.test1.Titles"/>
  <testcase name="newProduct" time="13.014" classname="com.PrestaShop.test3.CreatingANewProduct"/>
  <testcase name="checkTitleDesign" time="8.497" classname="com.PrestaShop.test1.Titles"/>
  <testcase name="productActivation" time="4.016" classname="com.PrestaShop.test3.CreatingANewProduct"/>
  <testcase name="checkTitleInternational" time="4.815" classname="com.PrestaShop.test1.Titles"/>
  <testcase name="checkTitleModules" time="6.857" classname="com.PrestaShop.test1.Titles"/>
  <testcase name="checkTitleOrder" time="3.345" classname="com.PrestaShop.test1.Titles"/>
  <testcase name="checkTitlePayment" time="3.87" classname="com.PrestaShop.test1.Titles"/>
  <testcase name="checkTitleShopParameters" time="2.87" classname="com.PrestaShop.test1.Titles"/>
  <testcase name="checkTitleStatistics" time="3.533" classname="com.PrestaShop.test1.Titles"/>
  <testcase name="logOut" time="22.25" classname="com.PrestaShop.test3.CreatingANewProduct"/>
  <testcase name="logOut" time="1.74" classname="com.PrestaShop.test1.Titles"/>
  <testcase name="checkNewProduct" time="12.864" classname="com.PrestaShop.test3.CreatingANewProduct"/>
</testsuite> <!-- Adding and checking a new product. -->
