<?xml version="1.0" encoding="UTF-8"?>
<!-- Generated by org.testng.reporters.JUnitXMLReporter -->
<testsuite hostname="DESKTOP-G6T0SJ9" ignored="0" name="Check titles." tests="11" failures="0" timestamp="2020-01-24T15:52:24 MSK" time="96.618" errors="0">
  <testcase name="checkTitleCustomerService" time="4.033" classname="com.PrestaShop.test1.Titles"/>
  <testcase name="checkTitleDashboard" time="5.843" classname="com.PrestaShop.test1.Titles"/>
  <testcase name="checkTitleDelivery" time="5.399" classname="com.PrestaShop.test1.Titles"/>
  <testcase name="checkTitleDesign" time="8.497" classname="com.PrestaShop.test1.Titles"/>
  <testcase name="checkTitleInternational" time="4.815" classname="com.PrestaShop.test1.Titles"/>
  <testcase name="checkTitleModules" time="6.857" classname="com.PrestaShop.test1.Titles"/>
  <testcase name="checkTitleOrder" time="3.345" classname="com.PrestaShop.test1.Titles"/>
  <testcase name="checkTitlePayment" time="3.87" classname="com.PrestaShop.test1.Titles"/>
  <testcase name="checkTitleShopParameters" time="2.87" classname="com.PrestaShop.test1.Titles"/>
  <testcase name="checkTitleStatistics" time="3.533" classname="com.PrestaShop.test1.Titles"/>
  <testcase name="logOut" time="1.74" classname="com.PrestaShop.test1.Titles"/>
</testsuite> <!-- Check titles. -->
