<?xml version="1.0" encoding="UTF-8"?>
<!-- Generated by org.testng.reporters.JUnitXMLReporter -->
<testsuite hostname="DESKTOP-G6T0SJ9" ignored="0" name="Check login and logout." tests="3" failures="0" timestamp="2020-01-24T15:51:13 MSK" time="25.345" errors="0">
  <testcase name="signIn" time="16.936" classname="com.PrestaShop.test1.Titles"/>
  <testcase name="login" time="17.059" classname="com.PrestaShop.test1.LoginAndLogout"/>
  <testcase name="logout" time="6.157" classname="com.PrestaShop.test1.LoginAndLogout"/>
</testsuite> <!-- Check login and logout. -->
