<?xml version="1.0" encoding="UTF-8"?>
<!-- Generated by org.testng.reporters.JUnitXMLReporter -->
<testsuite hostname="DESKTOP-G6T0SJ9" ignored="0" name="Ordering." tests="27" failures="0" timestamp="2020-01-24T15:52:41 MSK" time="17.607" errors="0">
  <testcase name="checkTitleCustomerService" time="4.033" classname="com.PrestaShop.test1.Titles"/>
  <testcase name="signIn" time="3.422" classname="com.PrestaShop.test3.CreatingANewProduct"/>
  <testcase name="checkTitleDashboard" time="5.843" classname="com.PrestaShop.test1.Titles"/>
  <testcase name="productSection" time="5.151" classname="com.PrestaShop.test3.CreatingANewProduct"/>
  <testcase name="checkTitleDelivery" time="5.399" classname="com.PrestaShop.test1.Titles"/>
  <testcase name="newProduct" time="13.014" classname="com.PrestaShop.test3.CreatingANewProduct"/>
  <testcase name="checkTitleDesign" time="8.497" classname="com.PrestaShop.test1.Titles"/>
  <testcase name="productActivation" time="4.016" classname="com.PrestaShop.test3.CreatingANewProduct"/>
  <testcase name="checkTitleInternational" time="4.815" classname="com.PrestaShop.test1.Titles"/>
  <testcase name="checkTitleModules" time="6.857" classname="com.PrestaShop.test1.Titles"/>
  <testcase name="checkTitleOrder" time="3.345" classname="com.PrestaShop.test1.Titles"/>
  <testcase name="checkTitlePayment" time="3.87" classname="com.PrestaShop.test1.Titles"/>
  <testcase name="checkTitleShopParameters" time="2.87" classname="com.PrestaShop.test1.Titles"/>
  <testcase name="checkTitleStatistics" time="3.533" classname="com.PrestaShop.test1.Titles"/>
  <testcase name="logOut" time="22.25" classname="com.PrestaShop.test3.CreatingANewProduct"/>
  <testcase name="logOut" time="1.74" classname="com.PrestaShop.test1.Titles"/>
  <testcase name="choiceOfRandomGoods" time="4.295" classname="com.PrestaShop.test4.Ordering"/>
  <testcase name="productProperties" time="0.618" classname="com.PrestaShop.test4.Ordering"/>
  <testcase name="addingProductToCart" time="1.653" classname="com.PrestaShop.test4.Ordering"/>
  <testcase name="checkingPropertiesProduct" time="1.0" classname="com.PrestaShop.test4.Ordering"/>
  <testcase name="inputCustomerData" time="1.51" classname="com.PrestaShop.test4.Ordering"/>
  <testcase name="inputDeliveryAddressData" time="1.443" classname="com.PrestaShop.test4.Ordering"/>
  <testcase name="deliveryMethod" time="1.19" classname="com.PrestaShop.test4.Ordering"/>
  <testcase name="checkNewProduct" time="12.864" classname="com.PrestaShop.test3.CreatingANewProduct"/>
  <testcase name="paymentMethod" time="3.367" classname="com.PrestaShop.test4.Ordering"/>
  <testcase name="checkingPropertiesOrder" time="0.151" classname="com.PrestaShop.test4.Ordering"/>
  <testcase name="checkingQuantityProduct" time="2.35" classname="com.PrestaShop.test4.Ordering"/>
</testsuite> <!-- Ordering. -->
