<?xml version="1.0" encoding="UTF-8"?>
<!-- Generated by org.testng.reporters.JUnitXMLReporter -->
<testsuite hostname="DESKTOP-G6T0SJ9" ignored="0" name="Сheck the addition of a new category." tests="8" failures="0" timestamp="2020-01-24T15:51:35 MSK" time="21.822" errors="0">
  <testcase name="signIn" time="2.67" classname="com.PrestaShop.test2.AddNewCategory"/>
  <testcase name="checkTitleAdvancedParameters" time="12.03" classname="com.PrestaShop.test1.Titles"/>
  <testcase name="categorySection" time="5.097" classname="com.PrestaShop.test2.AddNewCategory"/>
  <testcase name="checkTitleCatalog" time="9.921" classname="com.PrestaShop.test1.Titles"/>
  <testcase name="addNewCategory" time="9.094" classname="com.PrestaShop.test2.AddNewCategory"/>
  <testcase name="checkingNewCategory" time="2.636" classname="com.PrestaShop.test2.AddNewCategory"/>
  <testcase name="checkTitleCustomer" time="4.606" classname="com.PrestaShop.test1.Titles"/>
  <testcase name="logOut" time="2.135" classname="com.PrestaShop.test2.AddNewCategory"/>
</testsuite> <!-- Сheck the addition of a new category. -->
