<?xml version="1.0" encoding="UTF-8"?>
<!-- Generated by org.testng.reporters.JUnitXMLReporter -->
<testsuite hostname="DESKTOP-G6T0SJ9" ignored="0" name="Check the addition of a new category." tests="5" failures="0" timestamp="28 июл 2018 15:00:08 GMT" time="21.579" errors="0">
  <testcase name="signIn" time="2.343" classname="com.PrestaShop.test2.AddNewCategory"/>
  <testcase name="categorySection" time="5.992" classname="com.PrestaShop.test2.AddNewCategory"/>
  <testcase name="addNewCategory" time="6.05" classname="com.PrestaShop.test2.AddNewCategory"/>
  <testcase name="checkingNewCategory" time="1.895" classname="com.PrestaShop.test2.AddNewCategory"/>
  <testcase name="logOut" time="1.133" classname="com.PrestaShop.test2.AddNewCategory"/>
</testsuite> <!-- Check the addition of a new category. -->
