<?xml version="1.0" encoding="UTF-8"?>
<!-- Generated by org.testng.reporters.JUnitXMLReporter -->
<testsuite hostname="DESKTOP-G6T0SJ9" ignored="0" name="Check titles." tests="15" failures="0" timestamp="28 июл 2018 14:00:14 GMT" time="77.114" errors="0">
  <testcase name="signIn" time="2.529" classname="com.PrestaShop.test1.Titles"/>
  <testcase name="checkTitleAdvancedParameters" time="8.765" classname="com.PrestaShop.test1.Titles"/>
  <testcase name="checkTitleCatalog" time="7.385" classname="com.PrestaShop.test1.Titles"/>
  <testcase name="checkTitleCustomer" time="3.25" classname="com.PrestaShop.test1.Titles"/>
  <testcase name="checkTitleCustomerService" time="2.897" classname="com.PrestaShop.test1.Titles"/>
  <testcase name="checkTitleDashboard" time="4.483" classname="com.PrestaShop.test1.Titles"/>
  <testcase name="checkTitleDelivery" time="5.105" classname="com.PrestaShop.test1.Titles"/>
  <testcase name="checkTitleDesign" time="10.218" classname="com.PrestaShop.test1.Titles"/>
  <testcase name="checkTitleInternational" time="5.006" classname="com.PrestaShop.test1.Titles"/>
  <testcase name="checkTitleModules" time="5.42" classname="com.PrestaShop.test1.Titles"/>
  <testcase name="checkTitleOrder" time="3.509" classname="com.PrestaShop.test1.Titles"/>
  <testcase name="checkTitlePayment" time="5.596" classname="com.PrestaShop.test1.Titles"/>
  <testcase name="checkTitleShopParameters" time="2.595" classname="com.PrestaShop.test1.Titles"/>
  <testcase name="checkTitleStatistics" time="3.867" classname="com.PrestaShop.test1.Titles"/>
  <testcase name="logOut" time="1.488" classname="com.PrestaShop.test1.Titles"/>
</testsuite> <!-- Check titles. -->
