<?xml version="1.0" encoding="UTF-8"?>
<!-- Generated by org.testng.reporters.JUnitXMLReporter -->
<testsuite hostname="DESKTOP-G6T0SJ9" ignored="0" name="Ordering." tests="10" failures="0" timestamp="28 июл 2018 14:02:08 GMT" time="51.207" errors="0">
  <testcase name="choiceOfRandomGoods" time="26.024" classname="com.PrestaShop.test4.Ordering"/>
  <testcase name="productProperties" time="1.7" classname="com.PrestaShop.test4.Ordering"/>
  <testcase name="addingProductToCart" time="2.107" classname="com.PrestaShop.test4.Ordering"/>
  <testcase name="checkingPropertiesProduct" time="1.47" classname="com.PrestaShop.test4.Ordering"/>
  <testcase name="inputCustomerData" time="3.168" classname="com.PrestaShop.test4.Ordering"/>
  <testcase name="inputDeliveryAddressData" time="2.554" classname="com.PrestaShop.test4.Ordering"/>
  <testcase name="deliveryMethod" time="1.504" classname="com.PrestaShop.test4.Ordering"/>
  <testcase name="paymentMethod" time="2.287" classname="com.PrestaShop.test4.Ordering"/>
  <testcase name="checkingPropertiesOrder" time="0.598" classname="com.PrestaShop.test4.Ordering"/>
  <testcase name="checkingQuantityProduct" time="4.095" classname="com.PrestaShop.test4.Ordering"/>
</testsuite> <!-- Ordering. -->
